2022-03-16 09:39:35.569 INFO  :::READ TIFFS AND COMPOSITE INITIALIZED::: 
2022-03-16 09:39:35.648 INFO  SEARCHING FOR "103" IN ".DS_Store" 
2022-03-16 09:39:35.648 INFO  SEARCHING FOR "103" IN "batch_downloaded_873874-2022-03-15" 
2022-03-16 09:39:35.648 INFO  SEARCHING FOR "103" IN "batch_downloaded_873875-2022-03-15" 
2022-03-16 09:39:35.679 INFO  SEARCHING FOR "104" IN ".DS_Store" 
2022-03-16 09:39:35.679 INFO  SEARCHING FOR "104" IN "batch_downloaded_873875-2022-03-15" 
2022-03-16 09:40:25.930 INFO  :::READ TIFFS AND COMPOSITE INITIALIZED::: 
2022-03-16 09:40:26.037 INFO  SEARCHING FOR "104" IN ".DS_Store" 
2022-03-16 09:40:26.037 INFO  SEARCHING FOR "104" IN "batch_downloaded_873875-2022-03-15" 
2022-03-16 09:40:26.038 INFO  SEARCHING FOR "103" IN ".DS_Store" 
2022-03-16 09:40:26.038 INFO  SEARCHING FOR "103" IN "batch_downloaded_873874-2022-03-15" 
2022-03-16 09:40:26.038 INFO  SEARCHING FOR "103" IN "batch_downloaded_873875-2022-03-15" 
2022-03-16 09:40:55.376 INFO  :::READ TIFFS AND COMPOSITE INITIALIZED::: 
2022-03-16 09:40:55.381 INFO  SEARCHING FOR "104" IN ".DS_Store" 
2022-03-16 09:40:55.381 INFO  SEARCHING FOR "104" IN "batch_downloaded_873875-2022-03-15" 
2022-03-16 09:40:55.381 INFO  SEARCHING FOR "103" IN ".DS_Store" 
2022-03-16 09:40:55.381 INFO  SEARCHING FOR "103" IN "batch_downloaded_873874-2022-03-15" 
2022-03-16 09:40:55.381 INFO  SEARCHING FOR "103" IN "batch_downloaded_873875-2022-03-16" 
2022-03-16 09:43:09.029 INFO  :::READ TIFFS AND COMPOSITE INITIALIZED::: 
2022-03-16 09:43:09.034 INFO  SEARCHING FOR "103" IN ".DS_Store" 
2022-03-16 09:43:09.034 INFO  SEARCHING FOR "103" IN "batch_downloaded_873874-2022-03-15" 
2022-03-16 09:43:09.034 INFO  SEARCHING FOR "103" IN "batch_downloaded_873875-2022-03-16" 
2022-03-16 09:43:09.035 INFO  SEARCHING FOR "104" IN ".DS_Store" 
2022-03-16 09:43:09.036 INFO  SEARCHING FOR "104" IN "batch_downloaded_873875-2022-03-15" 
2022-03-16 09:49:27.403 INFO  :::READ TIFFS AND COMPOSITE INITIALIZED::: 
2022-03-16 09:49:27.514 INFO  SEARCHING FOR "104" IN ".DS_Store" 
2022-03-16 09:49:27.514 INFO  SEARCHING FOR "104" IN "batch_downloaded_873875-2022-03-15" 
2022-03-16 09:49:27.514 INFO  SEARCHING FOR "104" IN "batch_downloaded_873875-2022-03-16" 
2022-03-16 09:49:27.515 INFO  SEARCHING FOR "103" IN ".DS_Store" 
2022-03-16 09:49:27.515 INFO  SEARCHING FOR "103" IN "batch_downloaded_873874-2022-03-15" 
2022-03-16 09:49:27.515 INFO  SEARCHING FOR "103" IN "batch_downloaded_873874-2022-03-16" 
2022-03-16 09:49:27.515 INFO  SEARCHING FOR "103" IN "batch_downloaded_873875-2022-03-16" 
2022-03-16 09:49:27.517 INFO  SEARCHING FOR "104" IN "artworks_873875-2022-03-16" 
2022-03-16 09:49:27.519 INFO  SEARCHING FOR "104" IN "barcodes_873875-2022-03-16" 
2022-03-16 09:49:27.519 INFO  SEARCHING FOR "104" IN "images_873875-2022-03-16" 
2022-03-16 09:49:27.520 INFO  SEARCHING FOR "103" IN ".DS_Store" 
2022-03-16 09:49:27.520 INFO  SEARCHING FOR "103" IN "artworks_873875-2022-03-15" 
2022-03-16 09:49:27.520 INFO  SEARCHING FOR "103" IN "barcodes_873875-2022-03-15" 
2022-03-16 09:49:27.520 INFO  SEARCHING FOR "103" IN "images_873875-2022-03-15" 
2022-03-16 09:49:27.522 INFO  SEARCHING FOR "103" IN "artworks_873874-2022-03-16" 
2022-03-16 09:49:27.522 INFO  SEARCHING FOR "103" IN "barcodes_873874-2022-03-16" 
2022-03-16 09:49:27.522 INFO  SEARCHING FOR "103" IN "images_873874-2022-03-16" 
2022-03-16 09:52:44.533 INFO  :::READ TIFFS AND COMPOSITE INITIALIZED::: 
2022-03-16 09:52:44.538 INFO  SEARCHING FOR "103" IN ".DS_Store" 
2022-03-16 09:52:44.538 INFO  SEARCHING FOR "103" IN "batch_downloaded_873874-2022-03-15" 
2022-03-16 09:52:44.538 INFO  SEARCHING FOR "103" IN "batch_downloaded_873874-2022-03-16" 
2022-03-16 09:52:44.538 INFO  SEARCHING FOR "103" IN "batch_downloaded_873875-2022-03-16" 
2022-03-16 09:52:44.540 INFO  SEARCHING FOR "104" IN ".DS_Store" 
2022-03-16 09:52:44.540 INFO  SEARCHING FOR "104" IN "batch_downloaded_873875-2022-03-15" 
2022-03-16 09:52:44.540 INFO  SEARCHING FOR "104" IN "batch_downloaded_873875-2022-03-16" 
2022-03-16 09:53:56.255 INFO  :::READ TIFFS AND COMPOSITE INITIALIZED::: 
2022-03-16 09:53:56.260 INFO  SEARCHING FOR "104" IN ".DS_Store" 
2022-03-16 09:53:56.260 INFO  SEARCHING FOR "104" IN "batch_downloaded_873875-2022-03-15" 
2022-03-16 09:53:56.261 INFO  SEARCHING FOR "104" IN "batch_downloaded_873875-2022-03-16" 
2022-03-16 09:53:56.262 INFO  SEARCHING FOR "103" IN ".DS_Store" 
2022-03-16 09:53:56.262 INFO  SEARCHING FOR "103" IN "batch_downloaded_873874-2022-03-15" 
2022-03-16 09:53:56.262 INFO  SEARCHING FOR "103" IN "batch_downloaded_873874-2022-03-16" 
2022-03-16 09:53:56.262 INFO  SEARCHING FOR "103" IN "batch_downloaded_873875-2022-03-16" 
2022-03-16 09:53:56.264 INFO  SEARCHING FOR "104" IN "artworks_873875-2022-03-16" 
2022-03-16 09:53:56.266 INFO  SEARCHING FOR "104" IN "barcodes_873875-2022-03-16" 
2022-03-16 09:53:56.266 INFO  SEARCHING FOR "104" IN "images_873875-2022-03-16" 
2022-03-16 09:53:56.267 INFO  SEARCHING FOR "103" IN "artworks_12345_873874-2022-03-16" 
2022-03-16 09:53:56.268 INFO  SEARCHING FOR "103" IN "barcodes_873874-2022-03-16" 
2022-03-16 09:53:56.268 INFO  SEARCHING FOR "103" IN "images_873874-2022-03-16" 
2022-03-16 09:53:56.268 INFO  SEARCHING FOR "103" IN ".DS_Store" 
2022-03-16 09:53:56.269 INFO  SEARCHING FOR "103" IN "artworks_873875-2022-03-15" 
2022-03-16 09:53:56.269 INFO  SEARCHING FOR "103" IN "barcodes_873875-2022-03-15" 
2022-03-16 09:53:56.269 INFO  SEARCHING FOR "103" IN "images_873875-2022-03-15" 
2022-03-16 09:54:12.494 INFO  :::READ TIFFS AND COMPOSITE INITIALIZED::: 
2022-03-16 09:54:12.500 INFO  SEARCHING FOR "104" IN ".DS_Store" 
2022-03-16 09:54:12.500 INFO  SEARCHING FOR "104" IN "batch_downloaded_873875-2022-03-15" 
2022-03-16 09:54:12.500 INFO  SEARCHING FOR "104" IN "batch_downloaded_873875-2022-03-16" 
2022-03-16 09:54:12.501 INFO  SEARCHING FOR "103" IN ".DS_Store" 
2022-03-16 09:54:12.501 INFO  SEARCHING FOR "103" IN "batch_downloaded_873874-2022-03-15" 
2022-03-16 09:54:12.501 INFO  SEARCHING FOR "103" IN "batch_downloaded_873874-2022-03-16" 
2022-03-16 09:54:12.501 INFO  SEARCHING FOR "103" IN "batch_downloaded_873875-2022-03-16" 
2022-03-16 09:54:12.503 INFO  SEARCHING FOR "104" IN "artworks_873875-2022-03-16" 
2022-03-16 09:54:12.505 INFO  SEARCHING FOR "104" IN "barcodes_873875-2022-03-16" 
2022-03-16 09:54:12.505 INFO  SEARCHING FOR "104" IN "images_873875-2022-03-16" 
2022-03-16 09:54:12.506 INFO  SEARCHING FOR "103" IN "artworks_12345_873874-2022-03-16" 
2022-03-16 09:54:12.507 INFO  SEARCHING FOR "103" IN "barcodes_873874-2022-03-16" 
2022-03-16 09:54:12.507 INFO  SEARCHING FOR "103" IN "images_873874-2022-03-16" 
2022-03-16 09:54:12.508 INFO  SEARCHING FOR "103" IN ".DS_Store" 
2022-03-16 09:54:12.508 INFO  SEARCHING FOR "103" IN "artworks_873875-2022-03-15" 
2022-03-16 09:54:12.508 INFO  SEARCHING FOR "103" IN "barcodes_873875-2022-03-15" 
2022-03-16 09:54:12.508 INFO  SEARCHING FOR "103" IN "images_873875-2022-03-15" 
2022-03-16 09:55:00.590 INFO  :::READ TIFFS AND COMPOSITE INITIALIZED::: 
2022-03-16 09:55:00.595 INFO  SEARCHING FOR "104" IN ".DS_Store" 
2022-03-16 09:55:00.595 INFO  SEARCHING FOR "104" IN "batch_downloaded_873875-2022-03-15" 
2022-03-16 09:55:00.595 INFO  SEARCHING FOR "104" IN "batch_downloaded_873875-2022-03-16" 
2022-03-16 09:55:00.596 INFO  SEARCHING FOR "103" IN ".DS_Store" 
2022-03-16 09:55:00.596 INFO  SEARCHING FOR "103" IN "batch_downloaded_873874-2022-03-15" 
2022-03-16 09:55:00.596 INFO  SEARCHING FOR "103" IN "batch_downloaded_873874-2022-03-16" 
2022-03-16 09:55:00.596 INFO  SEARCHING FOR "103" IN "batch_downloaded_873875-2022-03-16" 
2022-03-16 09:55:00.598 INFO  SEARCHING FOR "104" IN "artworks_873875-2022-03-16" 
2022-03-16 09:55:00.600 INFO  SEARCHING FOR "104" IN "barcodes_873875-2022-03-16" 
2022-03-16 09:55:00.601 INFO  SEARCHING FOR "104" IN "images_873875-2022-03-16" 
2022-03-16 09:55:00.602 INFO  SEARCHING FOR "103" IN ".DS_Store" 
2022-03-16 09:55:00.602 INFO  SEARCHING FOR "103" IN "artworks_873875-2022-03-15" 
2022-03-16 09:55:00.603 INFO  SEARCHING FOR "103" IN "barcodes_873875-2022-03-15" 
2022-03-16 09:55:00.603 INFO  SEARCHING FOR "103" IN "images_873875-2022-03-15" 
2022-03-16 09:55:00.604 INFO  SEARCHING FOR "103" IN "artworks_12345_873874-2022-03-16" 
2022-03-16 09:55:00.604 INFO  SEARCHING FOR "103" IN "barcodes_873874-2022-03-16" 
2022-03-16 09:55:00.604 INFO  SEARCHING FOR "103" IN "images_873874-2022-03-16" 
2022-03-16 10:03:40.976 INFO  :::READ TIFFS AND COMPOSITE INITIALIZED::: 
2022-03-16 10:03:40.982 INFO  SEARCHING FOR "103" IN ".DS_Store" 
2022-03-16 10:03:40.982 INFO  SEARCHING FOR "103" IN "batch_downloaded_873874-2022-03-15" 
2022-03-16 10:03:40.982 INFO  SEARCHING FOR "103" IN "batch_downloaded_873874-2022-03-16" 
2022-03-16 10:03:40.982 INFO  SEARCHING FOR "103" IN "batch_downloaded_873875-2022-03-16" 
2022-03-16 10:03:40.984 INFO  SEARCHING FOR "104" IN ".DS_Store" 
2022-03-16 10:03:40.984 INFO  SEARCHING FOR "104" IN "batch_downloaded_873875-2022-03-15" 
2022-03-16 10:03:40.984 INFO  SEARCHING FOR "104" IN "batch_downloaded_873875-2022-03-16" 
2022-03-16 10:03:40.986 INFO  SEARCHING FOR "103" IN "artworks_12345_873874-2022-03-16" 
2022-03-16 10:03:40.988 INFO  SEARCHING FOR "103" IN "barcodes_873874-2022-03-16" 
2022-03-16 10:03:40.988 INFO  SEARCHING FOR "103" IN "images_873874-2022-03-16" 
2022-03-16 10:03:40.989 INFO  SEARCHING FOR "103" IN ".DS_Store" 
2022-03-16 10:03:40.989 INFO  SEARCHING FOR "103" IN "artworks_873875-2022-03-15" 
2022-03-16 10:03:40.989 INFO  SEARCHING FOR "103" IN "barcodes_873875-2022-03-15" 
2022-03-16 10:03:40.989 INFO  SEARCHING FOR "103" IN "images_873875-2022-03-15" 
2022-03-16 10:03:40.990 INFO  SEARCHING FOR "104" IN "artworks_873875-2022-03-16" 
2022-03-16 10:03:40.990 INFO  SEARCHING FOR "104" IN "barcodes_873875-2022-03-16" 
2022-03-16 10:03:40.990 INFO  SEARCHING FOR "104" IN "images_873875-2022-03-16" 
2022-03-16 10:03:40.992 INFO  INITIALIZING COMPOSITE FOR 3 TIFF FILES. 
2022-03-16 10:03:40.998 INFO  INITIALIZING COMPOSITE FOR 6 TIFF FILES. 
2022-03-16 10:03:41.001 INFO  INITIALIZING COMPOSITE FOR 3 TIFF FILES. 
2022-03-16 10:03:41.481 INFO  COMPOSITING COMPLETED. 
2022-03-16 10:03:41.481 INFO  ADDING CMYK CHANNEL TO COMPOSITE 
2022-03-16 10:03:41.603 INFO  COMPOSITING COMPLETED. 
2022-03-16 10:03:41.603 INFO  ADDING CMYK CHANNEL TO COMPOSITE 
2022-03-16 10:04:42.459 INFO  :::READ TIFFS AND COMPOSITE INITIALIZED::: 
2022-03-16 10:04:42.465 INFO  SEARCHING FOR "103" IN ".DS_Store" 
2022-03-16 10:04:42.465 INFO  SEARCHING FOR "103" IN "batch_downloaded_873874-2022-03-15" 
2022-03-16 10:04:42.465 INFO  SEARCHING FOR "103" IN "batch_downloaded_873874-2022-03-16" 
2022-03-16 10:04:42.465 INFO  SEARCHING FOR "103" IN "batch_downloaded_873875-2022-03-16" 
2022-03-16 10:04:42.466 INFO  SEARCHING FOR "104" IN ".DS_Store" 
2022-03-16 10:04:42.466 INFO  SEARCHING FOR "104" IN "batch_downloaded_873875-2022-03-15" 
2022-03-16 10:04:42.466 INFO  SEARCHING FOR "104" IN "batch_downloaded_873875-2022-03-16" 
2022-03-16 10:04:42.574 INFO  SEARCHING FOR "104" IN "artworks_873875-2022-03-16" 
2022-03-16 10:04:42.575 INFO  SEARCHING FOR "104" IN "barcodes_873875-2022-03-16" 
2022-03-16 10:04:42.575 INFO  SEARCHING FOR "104" IN "images_873875-2022-03-16" 
2022-03-16 10:04:42.576 INFO  SEARCHING FOR "103" IN ".DS_Store" 
2022-03-16 10:04:42.576 INFO  SEARCHING FOR "103" IN "artworks_873875-2022-03-15" 
2022-03-16 10:04:42.577 INFO  SEARCHING FOR "103" IN "barcodes_873875-2022-03-15" 
2022-03-16 10:04:42.577 INFO  SEARCHING FOR "103" IN "images_873875-2022-03-15" 
2022-03-16 10:04:42.578 INFO  SEARCHING FOR "103" IN "artworks_12345_873874-2022-03-16" 
2022-03-16 10:04:42.578 INFO  SEARCHING FOR "103" IN "barcodes_873874-2022-03-16" 
2022-03-16 10:04:42.578 INFO  SEARCHING FOR "103" IN "images_873874-2022-03-16" 
2022-03-16 10:04:42.580 INFO  INITIALIZING COMPOSITE FOR 3 TIFF FILES. 
2022-03-16 10:04:42.586 INFO  INITIALIZING COMPOSITE FOR 6 TIFF FILES. 
2022-03-16 10:04:42.590 INFO  INITIALIZING COMPOSITE FOR 3 TIFF FILES. 
2022-03-16 10:04:43.060 INFO  COMPOSITING COMPLETED. 
2022-03-16 10:04:43.060 INFO  ADDING CMYK CHANNEL TO COMPOSITE 
2022-03-16 10:04:43.166 INFO  COMPOSITING COMPLETED. 
2022-03-16 10:04:43.166 INFO  ADDING CMYK CHANNEL TO COMPOSITE 
2022-03-16 10:04:43.482 INFO  COMPOSITING COMPLETED. 
2022-03-16 10:04:43.482 INFO  ADDING CMYK CHANNEL TO COMPOSITE 
2022-03-16 10:05:19.052 INFO  :::READ TIFFS AND COMPOSITE INITIALIZED::: 
2022-03-16 10:05:19.060 INFO  SEARCHING FOR "104" IN ".DS_Store" 
2022-03-16 10:05:19.060 INFO  SEARCHING FOR "104" IN "batch_downloaded_873875-2022-03-15" 
2022-03-16 10:05:19.060 INFO  SEARCHING FOR "104" IN "batch_downloaded_873875-2022-03-16" 
2022-03-16 10:05:19.061 INFO  SEARCHING FOR "103" IN ".DS_Store" 
2022-03-16 10:05:19.061 INFO  SEARCHING FOR "103" IN "batch_downloaded_873874-2022-03-15" 
2022-03-16 10:05:19.061 INFO  SEARCHING FOR "103" IN "batch_downloaded_873874-2022-03-16" 
2022-03-16 10:05:19.064 INFO  SEARCHING FOR "104" IN "artworks_873875-2022-03-16" 
2022-03-16 10:05:19.066 INFO  SEARCHING FOR "104" IN "barcodes_873875-2022-03-16" 
2022-03-16 10:05:19.066 INFO  SEARCHING FOR "104" IN "images_873875-2022-03-16" 
2022-03-16 10:05:19.067 INFO  SEARCHING FOR "103" IN "artworks_12345_873874-2022-03-16" 
2022-03-16 10:05:19.067 INFO  SEARCHING FOR "103" IN "barcodes_873874-2022-03-16" 
2022-03-16 10:05:19.067 INFO  SEARCHING FOR "103" IN "images_873874-2022-03-16" 
2022-03-16 10:05:19.070 INFO  INITIALIZING COMPOSITE FOR 3 TIFF FILES. 
2022-03-16 10:05:19.076 INFO  INITIALIZING COMPOSITE FOR 3 TIFF FILES. 
2022-03-16 10:05:20.010 INFO  COMPOSITING COMPLETED. 
2022-03-16 10:05:20.010 INFO  ADDING CMYK CHANNEL TO COMPOSITE 
2022-03-16 10:05:20.082 INFO  COMPOSITING COMPLETED. 
2022-03-16 10:05:20.082 INFO  ADDING CMYK CHANNEL TO COMPOSITE 
2022-03-16 10:05:52.230 INFO  :::READ TIFFS AND COMPOSITE INITIALIZED::: 
2022-03-16 10:05:52.239 INFO  SEARCHING FOR "103" IN ".DS_Store" 
2022-03-16 10:05:52.239 INFO  SEARCHING FOR "103" IN "batch_downloaded_873874-2022-03-15" 
2022-03-16 10:05:52.239 INFO  SEARCHING FOR "103" IN "batch_downloaded_873874-2022-03-16" 
2022-03-16 10:05:52.240 INFO  SEARCHING FOR "104" IN ".DS_Store" 
2022-03-16 10:05:52.240 INFO  SEARCHING FOR "104" IN "batch_downloaded_873875-2022-03-15" 
2022-03-16 10:05:52.240 INFO  SEARCHING FOR "104" IN "batch_downloaded_873875-2022-03-16" 
2022-03-16 10:05:52.243 INFO  SEARCHING FOR "103" IN "artworks_12345_873874-2022-03-16" 
2022-03-16 10:05:52.245 INFO  SEARCHING FOR "103" IN "barcodes_873874-2022-03-16" 
2022-03-16 10:05:52.245 INFO  SEARCHING FOR "103" IN "images_873874-2022-03-16" 
2022-03-16 10:05:52.246 INFO  SEARCHING FOR "104" IN "artworks_873875-2022-03-16" 
2022-03-16 10:05:52.246 INFO  SEARCHING FOR "104" IN "barcodes_873875-2022-03-16" 
2022-03-16 10:05:52.246 INFO  SEARCHING FOR "104" IN "images_873875-2022-03-16" 
2022-03-16 10:05:52.249 INFO  INITIALIZING COMPOSITE FOR 3 TIFF FILES. 
2022-03-16 10:05:52.255 INFO  INITIALIZING COMPOSITE FOR 3 TIFF FILES. 
2022-03-16 10:05:53.747 INFO  COMPOSITING COMPLETED. 
2022-03-16 10:05:53.747 INFO  ADDING CMYK CHANNEL TO COMPOSITE 
2022-03-16 10:05:53.844 INFO  COMPOSITING COMPLETED. 
2022-03-16 10:05:53.844 INFO  ADDING CMYK CHANNEL TO COMPOSITE 
2022-03-16 10:07:14.782 INFO  :::READ TIFFS AND COMPOSITE INITIALIZED::: 
2022-03-16 10:07:14.894 INFO  SEARCHING FOR "103" IN ".DS_Store" 
2022-03-16 10:07:14.894 INFO  SEARCHING FOR "103" IN "batch_downloaded_873874-2022-03-15" 
2022-03-16 10:07:14.894 INFO  SEARCHING FOR "103" IN "batch_downloaded_873874-2022-03-16" 
2022-03-16 10:07:14.895 INFO  SEARCHING FOR "104" IN ".DS_Store" 
2022-03-16 10:07:14.895 INFO  SEARCHING FOR "104" IN "batch_downloaded_873875-2022-03-15" 
2022-03-16 10:07:14.895 INFO  SEARCHING FOR "104" IN "batch_downloaded_873875-2022-03-16" 
2022-03-16 10:07:14.898 INFO  SEARCHING FOR "103" IN "artworks_12345_873874-2022-03-16" 
2022-03-16 10:07:14.899 INFO  SEARCHING FOR "103" IN "barcodes_873874-2022-03-16" 
2022-03-16 10:07:14.899 INFO  SEARCHING FOR "103" IN "images_873874-2022-03-16" 
2022-03-16 10:07:14.900 INFO  SEARCHING FOR "104" IN "artworks_873875-2022-03-16" 
2022-03-16 10:07:14.900 INFO  SEARCHING FOR "104" IN "barcodes_873875-2022-03-16" 
2022-03-16 10:07:14.900 INFO  SEARCHING FOR "104" IN "images_873875-2022-03-16" 
2022-03-16 10:07:14.904 INFO  INITIALIZING COMPOSITE FOR 3 TIFF FILES. 
2022-03-16 10:07:14.909 INFO  INITIALIZING COMPOSITE FOR 3 TIFF FILES. 
2022-03-16 10:07:16.168 INFO  COMPOSITING COMPLETED. 
2022-03-16 10:07:16.168 INFO  ADDING CMYK CHANNEL TO COMPOSITE 
2022-03-16 10:07:16.295 INFO  COMPOSITING COMPLETED. 
2022-03-16 10:07:16.295 INFO  ADDING CMYK CHANNEL TO COMPOSITE 
2022-03-16 10:07:32.669 INFO  :::READ TIFFS AND COMPOSITE INITIALIZED::: 
2022-03-16 10:07:32.674 INFO  SEARCHING FOR "104" IN ".DS_Store" 
2022-03-16 10:07:32.674 INFO  SEARCHING FOR "104" IN "batch_downloaded_873875-2022-03-15" 
2022-03-16 10:07:32.674 INFO  SEARCHING FOR "104" IN "batch_downloaded_873875-2022-03-16" 
2022-03-16 10:07:32.675 INFO  SEARCHING FOR "103" IN ".DS_Store" 
2022-03-16 10:07:32.675 INFO  SEARCHING FOR "103" IN "batch_downloaded_873874-2022-03-15" 
2022-03-16 10:07:32.675 INFO  SEARCHING FOR "103" IN "batch_downloaded_873874-2022-03-16" 
2022-03-16 10:07:32.679 INFO  SEARCHING FOR "104" IN "artworks_873875-2022-03-16" 
2022-03-16 10:07:32.681 INFO  SEARCHING FOR "104" IN "barcodes_873875-2022-03-16" 
2022-03-16 10:07:32.681 INFO  SEARCHING FOR "104" IN "images_873875-2022-03-16" 
2022-03-16 10:07:32.682 INFO  SEARCHING FOR "103" IN "artworks_12345_873874-2022-03-16" 
2022-03-16 10:07:32.682 INFO  SEARCHING FOR "103" IN "barcodes_873874-2022-03-16" 
2022-03-16 10:07:32.683 INFO  SEARCHING FOR "103" IN "images_873874-2022-03-16" 
2022-03-16 10:07:32.686 INFO  INITIALIZING COMPOSITE FOR 3 TIFF FILES. 
2022-03-16 10:07:32.691 INFO  INITIALIZING COMPOSITE FOR 3 TIFF FILES. 
2022-03-16 10:07:33.107 INFO  COMPOSITING COMPLETED. 
2022-03-16 10:07:33.107 INFO  ADDING CMYK CHANNEL TO COMPOSITE 
2022-03-16 10:07:33.197 INFO  COMPOSITING COMPLETED. 
2022-03-16 10:07:33.197 INFO  ADDING CMYK CHANNEL TO COMPOSITE 
2022-03-16 10:09:04.724 INFO  :::READ TIFFS AND COMPOSITE INITIALIZED::: 
2022-03-16 10:09:04.732 INFO  SEARCHING FOR "104" IN ".DS_Store" 
2022-03-16 10:09:04.732 INFO  SEARCHING FOR "104" IN "batch_downloaded_873875-2022-03-15" 
2022-03-16 10:09:04.732 INFO  SEARCHING FOR "104" IN "batch_downloaded_873875-2022-03-16" 
2022-03-16 10:09:04.733 INFO  SEARCHING FOR "103" IN ".DS_Store" 
2022-03-16 10:09:04.733 INFO  SEARCHING FOR "103" IN "batch_downloaded_873874-2022-03-15" 
2022-03-16 10:09:04.733 INFO  SEARCHING FOR "103" IN "batch_downloaded_873874-2022-03-16" 
2022-03-16 10:09:04.737 INFO  SEARCHING FOR "103" IN "artworks_12345_873874-2022-03-16" 
2022-03-16 10:09:04.737 INFO  SEARCHING FOR "103" IN "barcodes_873874-2022-03-16" 
2022-03-16 10:09:04.737 INFO  SEARCHING FOR "103" IN "images_873874-2022-03-16" 
2022-03-16 10:09:04.738 INFO  SEARCHING FOR "104" IN "artworks_873875-2022-03-16" 
2022-03-16 10:09:04.738 INFO  SEARCHING FOR "104" IN "barcodes_873875-2022-03-16" 
2022-03-16 10:09:04.738 INFO  SEARCHING FOR "104" IN "images_873875-2022-03-16" 
2022-03-16 10:09:04.741 INFO  INITIALIZING COMPOSITE FOR 3 TIFF FILES. 
2022-03-16 10:09:04.748 INFO  INITIALIZING COMPOSITE FOR 3 TIFF FILES. 
2022-03-16 10:09:05.199 INFO  COMPOSITING COMPLETED. 
2022-03-16 10:09:05.199 INFO  ADDING CMYK CHANNEL TO COMPOSITE 
2022-03-16 10:09:05.339 INFO  COMPOSITING COMPLETED. 
2022-03-16 10:09:05.339 INFO  ADDING CMYK CHANNEL TO COMPOSITE 
2022-03-16 10:09:44.712 INFO  :::READ TIFFS AND COMPOSITE INITIALIZED::: 
2022-03-16 10:09:44.824 INFO  SEARCHING FOR "104" IN ".DS_Store" 
2022-03-16 10:09:44.824 INFO  SEARCHING FOR "104" IN "batch_downloaded_873875-2022-03-15" 
2022-03-16 10:09:44.824 INFO  SEARCHING FOR "104" IN "batch_downloaded_873875-2022-03-16" 
2022-03-16 10:09:44.825 INFO  SEARCHING FOR "103" IN ".DS_Store" 
2022-03-16 10:09:44.825 INFO  SEARCHING FOR "103" IN "batch_downloaded_873874-2022-03-15" 
2022-03-16 10:09:44.825 INFO  SEARCHING FOR "103" IN "batch_downloaded_873874-2022-03-16" 
2022-03-16 10:09:44.828 INFO  SEARCHING FOR "104" IN "artworks_873875-2022-03-16" 
2022-03-16 10:09:44.828 INFO  SEARCHING FOR "104" IN "barcodes_873875-2022-03-16" 
2022-03-16 10:09:44.828 INFO  SEARCHING FOR "104" IN "images_873875-2022-03-16" 
2022-03-16 10:09:44.829 INFO  SEARCHING FOR "103" IN "artworks_12345_873874-2022-03-16" 
2022-03-16 10:09:44.829 INFO  SEARCHING FOR "103" IN "barcodes_873874-2022-03-16" 
2022-03-16 10:09:44.829 INFO  SEARCHING FOR "103" IN "images_873874-2022-03-16" 
2022-03-16 10:09:44.833 INFO  INITIALIZING COMPOSITE FOR 3 TIFF FILES. 
2022-03-16 10:09:44.838 INFO  INITIALIZING COMPOSITE FOR 3 TIFF FILES. 
2022-03-16 10:09:45.290 INFO  COMPOSITING COMPLETED. 
2022-03-16 10:09:45.290 INFO  ADDING CMYK CHANNEL TO COMPOSITE 
2022-03-16 10:09:45.443 INFO  COMPOSITING COMPLETED. 
2022-03-16 10:09:45.444 INFO  ADDING CMYK CHANNEL TO COMPOSITE 
2022-03-16 10:10:55.556 INFO  :::READ TIFFS AND COMPOSITE INITIALIZED::: 
2022-03-16 10:10:55.668 INFO  SEARCHING FOR "103" IN ".DS_Store" 
2022-03-16 10:10:55.668 INFO  SEARCHING FOR "103" IN "batch_downloaded_873874-2022-03-15" 
2022-03-16 10:10:55.668 INFO  SEARCHING FOR "103" IN "batch_downloaded_873874-2022-03-16" 
2022-03-16 10:10:55.669 INFO  SEARCHING FOR "104" IN ".DS_Store" 
2022-03-16 10:10:55.669 INFO  SEARCHING FOR "104" IN "batch_downloaded_873875-2022-03-15" 
2022-03-16 10:10:55.669 INFO  SEARCHING FOR "104" IN "batch_downloaded_873875-2022-03-16" 
2022-03-16 10:10:55.671 INFO  SEARCHING FOR "103" IN "artworks_12345_873874-2022-03-16" 
2022-03-16 10:10:55.671 INFO  SEARCHING FOR "103" IN "barcodes_873874-2022-03-16" 
2022-03-16 10:10:55.671 INFO  SEARCHING FOR "103" IN "images_873874-2022-03-16" 
2022-03-16 10:10:55.672 INFO  SEARCHING FOR "104" IN "artworks_873875-2022-03-16" 
2022-03-16 10:10:55.672 INFO  SEARCHING FOR "104" IN "barcodes_873875-2022-03-16" 
2022-03-16 10:10:55.672 INFO  SEARCHING FOR "104" IN "images_873875-2022-03-16" 
2022-03-16 10:10:55.676 INFO  INITIALIZING COMPOSITE FOR 3 TIFF FILES. 
2022-03-16 10:10:55.682 INFO  INITIALIZING COMPOSITE FOR 3 TIFF FILES. 
2022-03-16 10:10:56.452 INFO  COMPOSITING COMPLETED. 
2022-03-16 10:10:56.453 INFO  ADDING CMYK CHANNEL TO COMPOSITE 
2022-03-16 10:10:56.565 INFO  COMPOSITING COMPLETED. 
2022-03-16 10:10:56.565 INFO  ADDING CMYK CHANNEL TO COMPOSITE 
2022-03-16 10:14:14.515 INFO  :::READ TIFFS AND COMPOSITE INITIALIZED::: 
2022-03-16 10:14:14.525 INFO  SEARCHING FOR "104" IN ".DS_Store" 
2022-03-16 10:14:14.525 INFO  SEARCHING FOR "104" IN "batch_downloaded_873875-2022-03-15" 
2022-03-16 10:14:14.525 INFO  SEARCHING FOR "104" IN "batch_downloaded_873875-2022-03-16" 
2022-03-16 10:14:14.526 INFO  SEARCHING FOR "103" IN ".DS_Store" 
2022-03-16 10:14:14.526 INFO  SEARCHING FOR "103" IN "batch_downloaded_873874-2022-03-15" 
2022-03-16 10:14:14.527 INFO  SEARCHING FOR "103" IN "batch_downloaded_873874-2022-03-16" 
2022-03-16 10:14:14.529 INFO  SEARCHING FOR "104" IN "artworks_873875-2022-03-16" 
2022-03-16 10:14:14.529 INFO  SEARCHING FOR "104" IN "barcodes_873875-2022-03-16" 
2022-03-16 10:14:14.529 INFO  SEARCHING FOR "104" IN "images_873875-2022-03-16" 
2022-03-16 10:14:14.530 INFO  SEARCHING FOR "103" IN "artworks_12345_873874-2022-03-16" 
2022-03-16 10:14:14.530 INFO  SEARCHING FOR "103" IN "barcodes_873874-2022-03-16" 
2022-03-16 10:14:14.530 INFO  SEARCHING FOR "103" IN "images_873874-2022-03-16" 
2022-03-16 10:15:25.558 INFO  :::READ TIFFS AND COMPOSITE INITIALIZED::: 
2022-03-16 10:15:25.900 INFO  SEARCHING FOR "104" IN ".DS_Store" 
2022-03-16 10:15:25.900 INFO  SEARCHING FOR "104" IN "batch_downloaded_873875-2022-03-15" 
2022-03-16 10:15:25.900 INFO  SEARCHING FOR "104" IN "batch_downloaded_873875-2022-03-16" 
2022-03-16 10:15:25.901 INFO  SEARCHING FOR "103" IN ".DS_Store" 
2022-03-16 10:15:25.901 INFO  SEARCHING FOR "103" IN "batch_downloaded_873874-2022-03-15" 
2022-03-16 10:15:25.901 INFO  SEARCHING FOR "103" IN "batch_downloaded_873874-2022-03-16" 
2022-03-16 10:15:25.904 INFO  SEARCHING FOR "104" IN "artworks_873875-2022-03-16" 
2022-03-16 10:15:25.904 INFO  SEARCHING FOR "104" IN "barcodes_873875-2022-03-16" 
2022-03-16 10:15:25.904 INFO  SEARCHING FOR "104" IN "images_873875-2022-03-16" 
2022-03-16 10:15:25.905 INFO  SEARCHING FOR "103" IN "artworks_12345_873874-2022-03-16" 
2022-03-16 10:15:25.905 INFO  SEARCHING FOR "103" IN "barcodes_873874-2022-03-16" 
2022-03-16 10:15:25.905 INFO  SEARCHING FOR "103" IN "images_873874-2022-03-16" 
2022-03-16 10:15:43.285 INFO  :::READ TIFFS AND COMPOSITE INITIALIZED::: 
2022-03-16 10:15:43.291 INFO  SEARCHING FOR "103" IN ".DS_Store" 
2022-03-16 10:15:43.291 INFO  SEARCHING FOR "103" IN "batch_downloaded_873874-2022-03-15" 
2022-03-16 10:15:43.291 INFO  SEARCHING FOR "103" IN "batch_downloaded_873874-2022-03-16" 
2022-03-16 10:15:43.292 INFO  SEARCHING FOR "104" IN ".DS_Store" 
2022-03-16 10:15:43.292 INFO  SEARCHING FOR "104" IN "batch_downloaded_873875-2022-03-15" 
2022-03-16 10:15:43.292 INFO  SEARCHING FOR "104" IN "batch_downloaded_873875-2022-03-16" 
2022-03-16 10:15:43.294 INFO  SEARCHING FOR "103" IN "artworks_12345_873874-2022-03-16" 
2022-03-16 10:15:43.294 INFO  SEARCHING FOR "103" IN "barcodes_873874-2022-03-16" 
2022-03-16 10:15:43.294 INFO  SEARCHING FOR "103" IN "images_873874-2022-03-16" 
2022-03-16 10:15:43.294 INFO  SEARCHING FOR "104" IN "artworks_873875-2022-03-16" 
2022-03-16 10:15:43.294 INFO  SEARCHING FOR "104" IN "barcodes_873875-2022-03-16" 
2022-03-16 10:15:43.294 INFO  SEARCHING FOR "104" IN "images_873875-2022-03-16" 
2022-03-16 10:16:34.090 INFO  :::READ TIFFS AND COMPOSITE INITIALIZED::: 
2022-03-16 10:16:34.095 INFO  SEARCHING FOR "104" IN ".DS_Store" 
2022-03-16 10:16:34.095 INFO  SEARCHING FOR "104" IN "batch_downloaded_873875-2022-03-15" 
2022-03-16 10:16:34.095 INFO  SEARCHING FOR "104" IN "batch_downloaded_873875-2022-03-16" 
2022-03-16 10:16:34.096 INFO  SEARCHING FOR "103" IN ".DS_Store" 
2022-03-16 10:16:34.096 INFO  SEARCHING FOR "103" IN "batch_downloaded_873874-2022-03-15" 
2022-03-16 10:16:34.096 INFO  SEARCHING FOR "103" IN "batch_downloaded_873874-2022-03-16" 
2022-03-16 10:16:34.098 INFO  SEARCHING FOR "104" IN "artworks_873875-2022-03-16" 
2022-03-16 10:16:34.098 INFO  SEARCHING FOR "104" IN "barcodes_873875-2022-03-16" 
2022-03-16 10:16:34.098 INFO  SEARCHING FOR "104" IN "images_873875-2022-03-16" 
2022-03-16 10:16:34.099 INFO  SEARCHING FOR "103" IN "artworks_12345_873874-2022-03-16" 
2022-03-16 10:16:34.099 INFO  SEARCHING FOR "103" IN "barcodes_873874-2022-03-16" 
2022-03-16 10:16:34.099 INFO  SEARCHING FOR "103" IN "images_873874-2022-03-16" 
2022-03-16 10:18:42.963 INFO  :::READ TIFFS AND COMPOSITE INITIALIZED::: 
2022-03-16 10:18:43.075 INFO  SEARCHING FOR "103" IN ".DS_Store" 
2022-03-16 10:18:43.075 INFO  SEARCHING FOR "103" IN "batch_downloaded_873874-2022-03-15" 
2022-03-16 10:18:43.075 INFO  SEARCHING FOR "103" IN "batch_downloaded_873874-2022-03-16" 
2022-03-16 10:18:43.076 INFO  SEARCHING FOR "104" IN ".DS_Store" 
2022-03-16 10:18:43.076 INFO  SEARCHING FOR "104" IN "batch_downloaded_873875-2022-03-15" 
2022-03-16 10:18:43.076 INFO  SEARCHING FOR "104" IN "batch_downloaded_873875-2022-03-16" 
2022-03-16 10:18:43.079 INFO  SEARCHING FOR "103" IN "artworks_12345_873874-2022-03-16" 
2022-03-16 10:18:43.079 INFO  SEARCHING FOR "103" IN "barcodes_873874-2022-03-16" 
2022-03-16 10:18:43.079 INFO  SEARCHING FOR "103" IN "images_873874-2022-03-16" 
2022-03-16 10:18:43.080 INFO  SEARCHING FOR "104" IN "artworks_873875-2022-03-16" 
2022-03-16 10:18:43.080 INFO  SEARCHING FOR "104" IN "barcodes_873875-2022-03-16" 
2022-03-16 10:18:43.080 INFO  SEARCHING FOR "104" IN "images_873875-2022-03-16" 
2022-03-16 10:19:29.319 INFO  :::READ TIFFS AND COMPOSITE INITIALIZED::: 
2022-03-16 10:19:29.533 INFO  SEARCHING FOR "104" IN ".DS_Store" 
2022-03-16 10:19:29.533 INFO  SEARCHING FOR "104" IN "batch_downloaded_873875-2022-03-15" 
2022-03-16 10:19:29.533 INFO  SEARCHING FOR "104" IN "batch_downloaded_873875-2022-03-16" 
2022-03-16 10:19:29.534 INFO  SEARCHING FOR "103" IN ".DS_Store" 
2022-03-16 10:19:29.534 INFO  SEARCHING FOR "103" IN "batch_downloaded_873874-2022-03-15" 
2022-03-16 10:19:29.534 INFO  SEARCHING FOR "103" IN "batch_downloaded_873874-2022-03-16" 
2022-03-16 10:19:29.537 INFO  SEARCHING FOR "104" IN "artworks_873875-2022-03-16" 
2022-03-16 10:19:29.538 INFO  SEARCHING FOR "104" IN "barcodes_873875-2022-03-16" 
2022-03-16 10:19:29.538 INFO  SEARCHING FOR "104" IN "images_873875-2022-03-16" 
2022-03-16 10:19:29.538 INFO  SEARCHING FOR "103" IN "artworks_12345_873874-2022-03-16" 
2022-03-16 10:19:29.538 INFO  SEARCHING FOR "103" IN "barcodes_873874-2022-03-16" 
2022-03-16 10:19:29.539 INFO  SEARCHING FOR "103" IN "images_873874-2022-03-16" 
2022-03-16 10:20:26.683 INFO  :::READ TIFFS AND COMPOSITE INITIALIZED::: 
2022-03-16 10:20:26.797 INFO  SEARCHING FOR "103" IN ".DS_Store" 
2022-03-16 10:20:26.797 INFO  SEARCHING FOR "103" IN "batch_downloaded_873874-2022-03-15" 
2022-03-16 10:20:26.797 INFO  SEARCHING FOR "103" IN "batch_downloaded_873874-2022-03-16" 
2022-03-16 10:20:26.797 INFO  SEARCHING FOR "104" IN ".DS_Store" 
2022-03-16 10:20:26.798 INFO  SEARCHING FOR "104" IN "batch_downloaded_873875-2022-03-15" 
2022-03-16 10:20:26.798 INFO  SEARCHING FOR "104" IN "batch_downloaded_873875-2022-03-16" 
2022-03-16 10:20:26.800 INFO  SEARCHING FOR "103" IN "artworks_12345_873874-2022-03-16" 
2022-03-16 10:20:26.800 INFO  SEARCHING FOR "103" IN "barcodes_873874-2022-03-16" 
2022-03-16 10:20:26.800 INFO  SEARCHING FOR "103" IN "images_873874-2022-03-16" 
2022-03-16 10:20:26.801 INFO  SEARCHING FOR "104" IN "artworks_873875-2022-03-16" 
2022-03-16 10:20:26.801 INFO  SEARCHING FOR "104" IN "barcodes_873875-2022-03-16" 
2022-03-16 10:20:26.801 INFO  SEARCHING FOR "104" IN "images_873875-2022-03-16" 
2022-03-16 10:20:51.419 INFO  :::READ TIFFS AND COMPOSITE INITIALIZED::: 
2022-03-16 10:20:51.424 INFO  SEARCHING FOR "104" IN ".DS_Store" 
2022-03-16 10:20:51.424 INFO  SEARCHING FOR "104" IN "batch_downloaded_873875-2022-03-15" 
2022-03-16 10:20:51.424 INFO  SEARCHING FOR "104" IN "batch_downloaded_873875-2022-03-16" 
2022-03-16 10:20:51.425 INFO  SEARCHING FOR "103" IN ".DS_Store" 
2022-03-16 10:20:51.425 INFO  SEARCHING FOR "103" IN "batch_downloaded_873874-2022-03-15" 
2022-03-16 10:20:51.425 INFO  SEARCHING FOR "103" IN "batch_downloaded_873874-2022-03-16" 
2022-03-16 10:20:51.426 INFO  SEARCHING FOR "104" IN "artworks_873875-2022-03-16" 
2022-03-16 10:20:51.427 INFO  SEARCHING FOR "104" IN "barcodes_873875-2022-03-16" 
2022-03-16 10:20:51.427 INFO  SEARCHING FOR "104" IN "images_873875-2022-03-16" 
2022-03-16 10:20:51.428 INFO  SEARCHING FOR "103" IN "artworks_12345_873874-2022-03-16" 
2022-03-16 10:20:51.428 INFO  SEARCHING FOR "103" IN "barcodes_873874-2022-03-16" 
2022-03-16 10:20:51.428 INFO  SEARCHING FOR "103" IN "images_873874-2022-03-16" 
2022-03-16 10:21:42.022 INFO  :::READ TIFFS AND COMPOSITE INITIALIZED::: 
2022-03-16 10:21:42.130 INFO  SEARCHING FOR "104" IN ".DS_Store" 
2022-03-16 10:21:42.130 INFO  SEARCHING FOR "104" IN "batch_downloaded_873875-2022-03-15" 
2022-03-16 10:21:42.130 INFO  SEARCHING FOR "104" IN "batch_downloaded_873875-2022-03-16" 
2022-03-16 10:21:42.131 INFO  SEARCHING FOR "103" IN ".DS_Store" 
2022-03-16 10:21:42.131 INFO  SEARCHING FOR "103" IN "batch_downloaded_873874-2022-03-15" 
2022-03-16 10:21:42.131 INFO  SEARCHING FOR "103" IN "batch_downloaded_873874-2022-03-16" 
2022-03-16 10:21:42.133 INFO  SEARCHING FOR "104" IN "artworks_873875-2022-03-16" 
2022-03-16 10:21:42.134 INFO  SEARCHING FOR "104" IN "barcodes_873875-2022-03-16" 
2022-03-16 10:21:42.134 INFO  SEARCHING FOR "104" IN "images_873875-2022-03-16" 
2022-03-16 10:21:42.134 INFO  SEARCHING FOR "103" IN "artworks_12345_873874-2022-03-16" 
2022-03-16 10:21:42.134 INFO  SEARCHING FOR "103" IN "barcodes_873874-2022-03-16" 
2022-03-16 10:21:42.135 INFO  SEARCHING FOR "103" IN "images_873874-2022-03-16" 
2022-03-16 10:22:52.749 INFO  :::READ TIFFS AND COMPOSITE INITIALIZED::: 
2022-03-16 10:22:52.966 INFO  SEARCHING FOR "103" IN ".DS_Store" 
2022-03-16 10:22:52.966 INFO  SEARCHING FOR "103" IN "batch_downloaded_873874-2022-03-15" 
2022-03-16 10:22:52.966 INFO  SEARCHING FOR "103" IN "batch_downloaded_873874-2022-03-16" 
2022-03-16 10:22:52.967 INFO  SEARCHING FOR "104" IN ".DS_Store" 
2022-03-16 10:22:52.967 INFO  SEARCHING FOR "104" IN "batch_downloaded_873875-2022-03-15" 
2022-03-16 10:22:52.967 INFO  SEARCHING FOR "104" IN "batch_downloaded_873875-2022-03-16" 
2022-03-16 10:22:52.970 INFO  SEARCHING FOR "103" IN "artworks_12345_873874-2022-03-16" 
2022-03-16 10:22:52.970 INFO  SEARCHING FOR "103" IN "barcodes_873874-2022-03-16" 
2022-03-16 10:22:52.970 INFO  SEARCHING FOR "103" IN "images_873874-2022-03-16" 
2022-03-16 10:22:52.971 INFO  SEARCHING FOR "104" IN "artworks_873875-2022-03-16" 
2022-03-16 10:22:52.971 INFO  SEARCHING FOR "104" IN "barcodes_873875-2022-03-16" 
2022-03-16 10:22:52.971 INFO  SEARCHING FOR "104" IN "images_873875-2022-03-16" 
2022-03-16 10:23:11.865 INFO  :::READ TIFFS AND COMPOSITE INITIALIZED::: 
2022-03-16 10:23:11.870 INFO  SEARCHING FOR "104" IN ".DS_Store" 
2022-03-16 10:23:11.870 INFO  SEARCHING FOR "104" IN "batch_downloaded_873875-2022-03-15" 
2022-03-16 10:23:11.870 INFO  SEARCHING FOR "104" IN "batch_downloaded_873875-2022-03-16" 
2022-03-16 10:23:11.871 INFO  SEARCHING FOR "103" IN ".DS_Store" 
2022-03-16 10:23:11.871 INFO  SEARCHING FOR "103" IN "batch_downloaded_873874-2022-03-15" 
2022-03-16 10:23:11.871 INFO  SEARCHING FOR "103" IN "batch_downloaded_873874-2022-03-16" 
2022-03-16 10:23:11.874 INFO  SEARCHING FOR "104" IN "artworks_873875-2022-03-16" 
2022-03-16 10:23:11.874 INFO  SEARCHING FOR "104" IN "barcodes_873875-2022-03-16" 
2022-03-16 10:23:11.874 INFO  SEARCHING FOR "104" IN "images_873875-2022-03-16" 
2022-03-16 10:23:11.875 INFO  SEARCHING FOR "103" IN "artworks_12345_873874-2022-03-16" 
2022-03-16 10:23:11.875 INFO  SEARCHING FOR "103" IN "barcodes_873874-2022-03-16" 
2022-03-16 10:23:11.875 INFO  SEARCHING FOR "103" IN "images_873874-2022-03-16" 
2022-03-16 10:23:11.878 INFO  INITIALIZING COMPOSITE FOR 3 TIFF FILES. 
2022-03-16 10:23:11.884 INFO  INITIALIZING COMPOSITE FOR 3 TIFF FILES. 
2022-03-16 10:23:12.359 INFO  COMPOSITING COMPLETED. 
2022-03-16 10:23:12.359 INFO  ADDING CMYK CHANNEL TO COMPOSITE 
2022-03-16 10:23:12.453 INFO  COMPOSITING COMPLETED. 
2022-03-16 10:23:12.453 INFO  ADDING CMYK CHANNEL TO COMPOSITE 
2022-03-16 10:23:12.973 INFO  CMYK CHANNEL ADDED TO COMPOSITE @ 300 DPI /Volumes/nas/48/Zazzle/auto_print/openprint/batch_downloaded_PowerBank_104/batch_downloaded_873875-2022-03-16/artworks_873875-2022-03-16/873875_1898372_1898374_1898375_M104PD-BLK_3.tiff 
2022-03-16 10:23:13.050 INFO  COMPOSITE ID: "873875": RESPONSE FROM OP [object Object] 
2022-03-16 10:23:13.072 INFO  CMYK CHANNEL ADDED TO COMPOSITE @ 300 DPI /Volumes/nas/48/Zazzle/auto_print/openprint/batch_downloaded_PowerBank_103/batch_downloaded_873874-2022-03-16/artworks_12345_873874-2022-03-16/873874_1898377_1898378_1898379_M103PD-BLK_3.tiff 
2022-03-16 10:23:13.107 INFO  /Volumes/nas/48/Zazzle/auto_print/openprint/batch_downloaded_PowerBank_104/batch_downloaded_873875-2022-03-16/images_873875-2022-03-16/1898375_M104PD-BLK.tiff moved to /Volumes/nas/48/Zazzle/auto_print/openprint/batch_printed_PowerBank_104/batch_printed_873875-2022-03-16/images_873875-2022-03-16/1898375_M104PD-BLK.tiff 
2022-03-16 10:23:13.108 INFO  /Volumes/nas/48/Zazzle/auto_print/openprint/batch_downloaded_PowerBank_104/batch_downloaded_873875-2022-03-16/images_873875-2022-03-16/1898374_M104PD-BLK.tiff moved to /Volumes/nas/48/Zazzle/auto_print/openprint/batch_printed_PowerBank_104/batch_printed_873875-2022-03-16/images_873875-2022-03-16/1898375_M104PD-BLK.tiff 
2022-03-16 10:23:13.109 INFO  /Volumes/nas/48/Zazzle/auto_print/openprint/batch_downloaded_PowerBank_104/batch_downloaded_873875-2022-03-16/images_873875-2022-03-16/1898372_M104PD-BLK.tiff moved to /Volumes/nas/48/Zazzle/auto_print/openprint/batch_printed_PowerBank_104/batch_printed_873875-2022-03-16/images_873875-2022-03-16/1898375_M104PD-BLK.tiff 
2022-03-16 10:23:13.118 INFO  /Volumes/nas/48/Zazzle/auto_print/openprint/batch_downloaded_PowerBank_103/batch_downloaded_873874-2022-03-16/images_873874-2022-03-16/1898377_M103PD-BLK.tiff moved to /Volumes/nas/48/Zazzle/auto_print/openprint/batch_printed_PowerBank_103/batch_printed_873874-2022-03-16/images_873874-2022-03-16/1898379_M103PD-BLK.tiff 
2022-03-16 10:23:13.134 INFO  COMPOSITE ID: "873874": RESPONSE FROM OP [object Object] 
2022-03-16 10:23:13.182 INFO  /Volumes/nas/48/Zazzle/auto_print/openprint/batch_downloaded_PowerBank_103/batch_downloaded_873874-2022-03-16/images_873874-2022-03-16/1898379_M103PD-BLK.tiff moved to /Volumes/nas/48/Zazzle/auto_print/openprint/batch_printed_PowerBank_103/batch_printed_873874-2022-03-16/images_873874-2022-03-16/1898379_M103PD-BLK.tiff 
2022-03-16 10:23:13.183 INFO  /Volumes/nas/48/Zazzle/auto_print/openprint/batch_downloaded_PowerBank_103/batch_downloaded_873874-2022-03-16/images_873874-2022-03-16/1898378_M103PD-BLK.tiff moved to /Volumes/nas/48/Zazzle/auto_print/openprint/batch_printed_PowerBank_103/batch_printed_873874-2022-03-16/images_873874-2022-03-16/1898379_M103PD-BLK.tiff 
2022-03-16 10:23:49.958 INFO  :::READ TIFFS AND COMPOSITE INITIALIZED::: 
2022-03-16 10:23:50.071 INFO  SEARCHING FOR "104" IN ".DS_Store" 
2022-03-16 10:23:50.071 INFO  SEARCHING FOR "104" IN "batch_downloaded_873875-2022-03-15" 
2022-03-16 10:23:50.071 INFO  SEARCHING FOR "104" IN "batch_downloaded_873875-2022-03-16" 
2022-03-16 10:23:50.072 INFO  SEARCHING FOR "103" IN ".DS_Store" 
2022-03-16 10:23:50.072 INFO  SEARCHING FOR "103" IN "batch_downloaded_873874-2022-03-15" 
2022-03-16 10:23:50.072 INFO  SEARCHING FOR "103" IN "batch_downloaded_873874-2022-03-16" 
2022-03-16 10:23:50.075 INFO  SEARCHING FOR "104" IN "artworks_873875-2022-03-16" 
2022-03-16 10:23:50.075 INFO  SEARCHING FOR "104" IN "barcodes_873875-2022-03-16" 
2022-03-16 10:23:50.075 INFO  SEARCHING FOR "104" IN "images_873875-2022-03-16" 
2022-03-16 10:23:50.076 INFO  SEARCHING FOR "103" IN "artworks_12345_873874-2022-03-16" 
2022-03-16 10:23:50.076 INFO  SEARCHING FOR "103" IN "barcodes_873874-2022-03-16" 
2022-03-16 10:23:50.076 INFO  SEARCHING FOR "103" IN "images_873874-2022-03-16" 
2022-03-16 10:24:21.752 INFO  :::READ TIFFS AND COMPOSITE INITIALIZED::: 
2022-03-16 10:24:21.963 INFO  SEARCHING FOR "103" IN ".DS_Store" 
2022-03-16 10:24:21.963 INFO  SEARCHING FOR "103" IN "batch_downloaded_873874-2022-03-15" 
2022-03-16 10:24:21.963 INFO  SEARCHING FOR "103" IN "batch_downloaded_873874-2022-03-16" 
2022-03-16 10:24:21.964 INFO  SEARCHING FOR "104" IN ".DS_Store" 
2022-03-16 10:24:21.964 INFO  SEARCHING FOR "104" IN "batch_downloaded_873875-2022-03-15" 
2022-03-16 10:24:21.964 INFO  SEARCHING FOR "104" IN "batch_downloaded_873875-2022-03-16" 
2022-03-16 10:24:21.967 INFO  SEARCHING FOR "103" IN "artworks_12345_873874-2022-03-16" 
2022-03-16 10:24:21.967 INFO  SEARCHING FOR "103" IN "barcodes_873874-2022-03-16" 
2022-03-16 10:24:21.967 INFO  SEARCHING FOR "103" IN "images_873874-2022-03-16" 
2022-03-16 10:24:21.967 INFO  SEARCHING FOR "104" IN "artworks_873875-2022-03-16" 
2022-03-16 10:24:21.967 INFO  SEARCHING FOR "104" IN "barcodes_873875-2022-03-16" 
2022-03-16 10:24:21.967 INFO  SEARCHING FOR "104" IN "images_873875-2022-03-16" 
2022-03-16 10:24:21.971 INFO  INITIALIZING COMPOSITE FOR 3 TIFF FILES. 
2022-03-16 10:24:21.977 INFO  INITIALIZING COMPOSITE FOR 3 TIFF FILES. 
2022-03-16 10:24:23.752 INFO  COMPOSITING COMPLETED. 
2022-03-16 10:24:23.753 INFO  ADDING CMYK CHANNEL TO COMPOSITE 
2022-03-16 10:24:23.896 INFO  COMPOSITING COMPLETED. 
2022-03-16 10:24:23.896 INFO  ADDING CMYK CHANNEL TO COMPOSITE 
2022-03-16 10:24:24.219 INFO  CMYK CHANNEL ADDED TO COMPOSITE @ 300 DPI /Volumes/nas/48/Zazzle/auto_print/openprint/batch_downloaded_PowerBank_104/batch_downloaded_873875-2022-03-16/artworks_873875-2022-03-16/873875_1898372_1898374_1898375_M104PD-BLK_3.tiff 
2022-03-16 10:24:24.294 INFO  COMPOSITE ID: "873875": RESPONSE FROM OP [object Object] 
2022-03-16 10:24:24.403 INFO  CMYK CHANNEL ADDED TO COMPOSITE @ 300 DPI /Volumes/nas/48/Zazzle/auto_print/openprint/batch_downloaded_PowerBank_103/batch_downloaded_873874-2022-03-16/artworks_12345_873874-2022-03-16/873874_1898377_1898378_1898379_M103PD-BLK_3.tiff 
2022-03-16 10:24:24.443 INFO  COMPOSITE ID: "873874": RESPONSE FROM OP [object Object] 
2022-03-16 10:26:05.430 INFO  :::READ TIFFS AND COMPOSITE INITIALIZED::: 
2022-03-16 10:26:05.647 INFO  SEARCHING FOR "103" IN ".DS_Store" 
2022-03-16 10:26:05.647 INFO  SEARCHING FOR "103" IN "batch_downloaded_873874-2022-03-15" 
2022-03-16 10:26:05.647 INFO  SEARCHING FOR "103" IN "batch_downloaded_873874-2022-03-16" 
2022-03-16 10:26:05.648 INFO  SEARCHING FOR "104" IN ".DS_Store" 
2022-03-16 10:26:05.648 INFO  SEARCHING FOR "104" IN "batch_downloaded_873875-2022-03-15" 
2022-03-16 10:26:05.648 INFO  SEARCHING FOR "104" IN "batch_downloaded_873875-2022-03-16" 
2022-03-16 10:26:05.651 INFO  SEARCHING FOR "103" IN "artworks_12345_873874-2022-03-16" 
2022-03-16 10:26:05.651 INFO  SEARCHING FOR "103" IN "barcodes_873874-2022-03-16" 
2022-03-16 10:26:05.651 INFO  SEARCHING FOR "103" IN "images_873874-2022-03-16" 
2022-03-16 10:26:05.652 INFO  SEARCHING FOR "104" IN "artworks_873875-2022-03-16" 
2022-03-16 10:26:05.652 INFO  SEARCHING FOR "104" IN "barcodes_873875-2022-03-16" 
2022-03-16 10:26:05.652 INFO  SEARCHING FOR "104" IN "images_873875-2022-03-16" 
2022-03-16 10:26:05.655 INFO  INITIALIZING COMPOSITE FOR 3 TIFF FILES. 
2022-03-16 10:26:05.661 INFO  INITIALIZING COMPOSITE FOR 3 TIFF FILES. 
2022-03-16 10:26:06.077 INFO  COMPOSITING COMPLETED. 
2022-03-16 10:26:06.077 INFO  ADDING CMYK CHANNEL TO COMPOSITE 
2022-03-16 10:26:06.178 INFO  COMPOSITING COMPLETED. 
2022-03-16 10:26:06.178 INFO  ADDING CMYK CHANNEL TO COMPOSITE 
2022-03-16 10:26:06.536 INFO  CMYK CHANNEL ADDED TO COMPOSITE @ 300 DPI /Volumes/nas/48/Zazzle/auto_print/openprint/batch_downloaded_PowerBank_104/batch_downloaded_873875-2022-03-16/artworks_873875-2022-03-16/873875_1898372_1898374_1898375_M104PD-BLK_3.tiff 
2022-03-16 10:26:06.594 INFO  COMPOSITE ID: "873875": RESPONSE FROM OP [object Object] 
2022-03-16 10:26:06.600 INFO  /Volumes/nas/48/Zazzle/auto_print/openprint/batch_downloaded_PowerBank_104/batch_downloaded_873875-2022-03-16/images_873875-2022-03-16/1898374_M104PD-BLK.tiff moved to /Volumes/nas/48/Zazzle/auto_print/openprint/batch_printed_PowerBank_104/batch_printed_873875-2022-03-16/images_873875-2022-03-16/1898375_M104PD-BLK.tiff 
2022-03-16 10:26:06.618 INFO  /Volumes/nas/48/Zazzle/auto_print/openprint/batch_downloaded_PowerBank_104/batch_downloaded_873875-2022-03-16/images_873875-2022-03-16/1898375_M104PD-BLK.tiff moved to /Volumes/nas/48/Zazzle/auto_print/openprint/batch_printed_PowerBank_104/batch_printed_873875-2022-03-16/images_873875-2022-03-16/1898375_M104PD-BLK.tiff 
2022-03-16 10:26:06.618 INFO  /Volumes/nas/48/Zazzle/auto_print/openprint/batch_downloaded_PowerBank_104/batch_downloaded_873875-2022-03-16/images_873875-2022-03-16/1898372_M104PD-BLK.tiff moved to /Volumes/nas/48/Zazzle/auto_print/openprint/batch_printed_PowerBank_104/batch_printed_873875-2022-03-16/images_873875-2022-03-16/1898375_M104PD-BLK.tiff 
2022-03-16 10:26:06.710 INFO  CMYK CHANNEL ADDED TO COMPOSITE @ 300 DPI /Volumes/nas/48/Zazzle/auto_print/openprint/batch_downloaded_PowerBank_103/batch_downloaded_873874-2022-03-16/artworks_12345_873874-2022-03-16/873874_1898377_1898378_1898379_M103PD-BLK_3.tiff 
2022-03-16 10:26:06.752 INFO  COMPOSITE ID: "873874": RESPONSE FROM OP [object Object] 
2022-03-16 10:26:06.794 INFO  /Volumes/nas/48/Zazzle/auto_print/openprint/batch_downloaded_PowerBank_103/batch_downloaded_873874-2022-03-16/images_873874-2022-03-16/1898377_M103PD-BLK.tiff moved to /Volumes/nas/48/Zazzle/auto_print/openprint/batch_printed_PowerBank_103/batch_printed_873874-2022-03-16/images_873874-2022-03-16/1898379_M103PD-BLK.tiff 
2022-03-16 10:26:06.795 INFO  /Volumes/nas/48/Zazzle/auto_print/openprint/batch_downloaded_PowerBank_103/batch_downloaded_873874-2022-03-16/images_873874-2022-03-16/1898378_M103PD-BLK.tiff moved to /Volumes/nas/48/Zazzle/auto_print/openprint/batch_printed_PowerBank_103/batch_printed_873874-2022-03-16/images_873874-2022-03-16/1898379_M103PD-BLK.tiff 
2022-03-16 10:26:06.825 INFO  /Volumes/nas/48/Zazzle/auto_print/openprint/batch_downloaded_PowerBank_103/batch_downloaded_873874-2022-03-16/images_873874-2022-03-16/1898379_M103PD-BLK.tiff moved to /Volumes/nas/48/Zazzle/auto_print/openprint/batch_printed_PowerBank_103/batch_printed_873874-2022-03-16/images_873874-2022-03-16/1898379_M103PD-BLK.tiff 
2022-03-16 12:01:37.468 INFO  :::READ TIFFS AND COMPOSITE INITIALIZED::: 
2022-03-16 12:01:37.582 INFO  SEARCHING FOR "104" IN ".DS_Store" 
2022-03-16 12:01:37.582 INFO  SEARCHING FOR "104" IN "batch_downloaded_1-2022-03-16" 
2022-03-16 12:01:37.582 INFO  SEARCHING FOR "104" IN "batch_downloaded_873875-2022-03-15" 
2022-03-16 12:01:37.583 INFO  SEARCHING FOR "103" IN ".DS_Store" 
2022-03-16 12:01:37.583 INFO  SEARCHING FOR "103" IN "batch_downloaded_1-2022-03-16" 
2022-03-16 12:01:37.583 INFO  SEARCHING FOR "103" IN "batch_downloaded_873874-2022-03-15" 
2022-03-16 12:01:37.586 INFO  SEARCHING FOR "104" IN ".DS_Store" 
2022-03-16 12:01:37.586 INFO  SEARCHING FOR "104" IN "artworks_1186697_1-2022-03-16" 
2022-03-16 12:01:37.586 INFO  SEARCHING FOR "104" IN "barcodes_1-2022-03-16" 
2022-03-16 12:01:37.586 INFO  SEARCHING FOR "104" IN "images_1-2022-03-16" 
2022-03-16 12:01:37.587 INFO  SEARCHING FOR "103" IN "images_1-2022-03-16" 
2022-03-16 12:01:37.590 INFO  INITIALIZING COMPOSITE FOR 3 TIFF FILES. 
2022-03-16 12:01:37.596 INFO  INITIALIZING COMPOSITE FOR 3 TIFF FILES. 
2022-03-16 12:01:38.049 INFO  COMPOSITING COMPLETED. 
2022-03-16 12:01:38.049 INFO  ADDING CMYK CHANNEL TO COMPOSITE 
2022-03-16 12:01:38.173 INFO  COMPOSITING COMPLETED. 
2022-03-16 12:01:38.173 INFO  ADDING CMYK CHANNEL TO COMPOSITE 
2022-03-16 12:32:02.630 INFO  :::READ TIFFS AND COMPOSITE INITIALIZED::: 
2022-03-16 12:32:02.638 INFO  SEARCHING FOR "104" IN ".DS_Store" 
2022-03-16 12:32:02.638 INFO  SEARCHING FOR "104" IN "batch_downloaded_2-2022-03-16" 
2022-03-16 12:32:02.639 INFO  SEARCHING FOR "103" IN ".DS_Store" 
2022-03-16 12:32:02.639 INFO  SEARCHING FOR "103" IN "batch_downloaded_1-2022-03-16" 
2022-03-16 12:32:02.642 INFO  SEARCHING FOR "104" IN "artworks_1186697_2-2022-03-16" 
2022-03-16 12:32:02.642 INFO  SEARCHING FOR "104" IN "barcodes_2-2022-03-16" 
2022-03-16 12:32:02.642 INFO  SEARCHING FOR "104" IN "images_2-2022-03-16" 
2022-03-16 12:32:02.642 INFO  SEARCHING FOR "103" IN "artworks_1186697_1-2022-03-16" 
2022-03-16 12:32:02.642 INFO  SEARCHING FOR "103" IN "barcodes_1-2022-03-16" 
2022-03-16 12:32:02.642 INFO  SEARCHING FOR "103" IN "images_1-2022-03-16" 
2022-03-16 12:32:02.645 INFO  INITIALIZING COMPOSITE FOR 3 TIFF FILES. 
2022-03-16 12:32:02.651 INFO  INITIALIZING COMPOSITE FOR 3 TIFF FILES. 
2022-03-16 12:32:02.984 INFO  COMPOSITING COMPLETED. 
2022-03-16 12:32:02.984 INFO  ADDING CMYK CHANNEL TO COMPOSITE 
2022-03-16 12:32:03.043 INFO  COMPOSITING COMPLETED. 
2022-03-16 12:32:03.043 INFO  ADDING CMYK CHANNEL TO COMPOSITE 
2022-03-16 12:32:03.407 INFO  CMYK CHANNEL ADDED TO COMPOSITE @ 300 DPI /Volumes/nas/48/Zazzle/auto_print/openprint/batch_downloaded_PowerBank_104/batch_downloaded_2-2022-03-16/artworks_1186697_2-2022-03-16/2_1231_1238_4323_M104PD-BLK_3.tiff 
2022-03-16 12:32:03.443 INFO  /Volumes/nas/48/Zazzle/auto_print/openprint/batch_downloaded_PowerBank_104/batch_downloaded_2-2022-03-16/images_2-2022-03-16/1231_M104PD-BLK.tiff moved to /Volumes/nas/48/Zazzle/auto_print/openprint/batch_printed_PowerBank_104/batch_printed_2-2022-03-16/images_2-2022-03-16/4323_M104PD-BLK.tiff 
2022-03-16 12:32:03.450 INFO  CMYK CHANNEL ADDED TO COMPOSITE @ 300 DPI /Volumes/nas/48/Zazzle/auto_print/openprint/batch_downloaded_PowerBank_103/batch_downloaded_1-2022-03-16/artworks_1186697_1-2022-03-16/1_11111_3222_4323_M103PD-BLK_3.tiff 
2022-03-16 12:32:03.462 INFO  /Volumes/nas/48/Zazzle/auto_print/openprint/batch_downloaded_PowerBank_104/batch_downloaded_2-2022-03-16/images_2-2022-03-16/1238_M104PD-BLK.tiff moved to /Volumes/nas/48/Zazzle/auto_print/openprint/batch_printed_PowerBank_104/batch_printed_2-2022-03-16/images_2-2022-03-16/4323_M104PD-BLK.tiff 
2022-03-16 12:32:03.462 INFO  /Volumes/nas/48/Zazzle/auto_print/openprint/batch_downloaded_PowerBank_104/batch_downloaded_2-2022-03-16/images_2-2022-03-16/4323_M104PD-BLK.tiff moved to /Volumes/nas/48/Zazzle/auto_print/openprint/batch_printed_PowerBank_104/batch_printed_2-2022-03-16/images_2-2022-03-16/4323_M104PD-BLK.tiff 
2022-03-16 12:32:03.488 INFO  /Volumes/nas/48/Zazzle/auto_print/openprint/batch_downloaded_PowerBank_103/batch_downloaded_1-2022-03-16/images_1-2022-03-16/11111_M103PD-BLK.tiff moved to /Volumes/nas/48/Zazzle/auto_print/openprint/batch_printed_PowerBank_103/batch_printed_1-2022-03-16/images_1-2022-03-16/4323_M103PD-BLK.tiff 
2022-03-16 12:32:03.510 INFO  /Volumes/nas/48/Zazzle/auto_print/openprint/batch_downloaded_PowerBank_103/batch_downloaded_1-2022-03-16/images_1-2022-03-16/4323_M103PD-BLK.tiff moved to /Volumes/nas/48/Zazzle/auto_print/openprint/batch_printed_PowerBank_103/batch_printed_1-2022-03-16/images_1-2022-03-16/4323_M103PD-BLK.tiff 
2022-03-16 12:32:03.511 INFO  /Volumes/nas/48/Zazzle/auto_print/openprint/batch_downloaded_PowerBank_103/batch_downloaded_1-2022-03-16/images_1-2022-03-16/3222_M103PD-BLK.tiff moved to /Volumes/nas/48/Zazzle/auto_print/openprint/batch_printed_PowerBank_103/batch_printed_1-2022-03-16/images_1-2022-03-16/4323_M103PD-BLK.tiff 
2022-03-16 14:17:45.779 INFO  :::READ TIFFS AND COMPOSITE INITIALIZED::: 
2022-03-16 14:17:45.788 INFO  SEARCHING FOR "104" IN ".DS_Store" 
2022-03-16 14:17:45.788 INFO  SEARCHING FOR "104" IN "batch_downloaded_2-2022-03-16" 
2022-03-16 14:17:45.789 INFO  SEARCHING FOR "103" IN ".DS_Store" 
2022-03-16 14:17:45.789 INFO  SEARCHING FOR "103" IN "batch_downloaded_1-2022-03-16" 
2022-03-16 14:17:46.130 INFO  SEARCHING FOR "104" IN "artworks_1186697_2-2022-03-16" 
2022-03-16 14:17:46.132 INFO  SEARCHING FOR "104" IN "artworks_1186698_2-2022-03-16" 
2022-03-16 14:17:46.132 INFO  SEARCHING FOR "104" IN "barcodes_2-2022-03-16" 
2022-03-16 14:17:46.132 INFO  SEARCHING FOR "104" IN "images_2-2022-03-16" 
2022-03-16 14:17:46.133 INFO  SEARCHING FOR "103" IN "artworks_1186697-1186698_1-2022-03-16" 
2022-03-16 14:17:46.133 INFO  SEARCHING FOR "103" IN "barcodes_1-2022-03-16" 
2022-03-16 14:17:46.133 INFO  SEARCHING FOR "103" IN "images_1-2022-03-16" 
2022-03-16 14:19:53.496 INFO  :::READ TIFFS AND COMPOSITE INITIALIZED::: 
2022-03-16 14:19:53.501 INFO  SEARCHING FOR "103" IN ".DS_Store" 
2022-03-16 14:19:53.501 INFO  SEARCHING FOR "103" IN "batch_downloaded_1-2022-03-16" 
2022-03-16 14:19:53.502 INFO  SEARCHING FOR "104" IN ".DS_Store" 
2022-03-16 14:19:53.502 INFO  SEARCHING FOR "104" IN "batch_downloaded_2-2022-03-16" 
2022-03-16 14:19:53.504 INFO  SEARCHING FOR "103" IN "artworks_1186697-1186698_1-2022-03-16" 
2022-03-16 14:19:53.505 INFO  SEARCHING FOR "103" IN "barcodes_1-2022-03-16" 
2022-03-16 14:19:53.505 INFO  SEARCHING FOR "103" IN "images_1-2022-03-16" 
2022-03-16 14:19:53.505 INFO  SEARCHING FOR "104" IN "artworks_1186697_2-2022-03-16" 
2022-03-16 14:19:53.505 INFO  SEARCHING FOR "104" IN "artworks_1186698_2-2022-03-16" 
2022-03-16 14:19:53.505 INFO  SEARCHING FOR "104" IN "barcodes_2-2022-03-16" 
2022-03-16 14:19:53.505 INFO  SEARCHING FOR "104" IN "images_2-2022-03-16" 
2022-03-16 14:20:58.080 INFO  :::READ TIFFS AND COMPOSITE INITIALIZED::: 
2022-03-16 14:20:58.085 INFO  SEARCHING FOR "103" IN ".DS_Store" 
2022-03-16 14:20:58.085 INFO  SEARCHING FOR "103" IN "batch_downloaded_1-2022-03-16" 
2022-03-16 14:20:58.086 INFO  SEARCHING FOR "104" IN ".DS_Store" 
2022-03-16 14:20:58.086 INFO  SEARCHING FOR "104" IN "batch_downloaded_2-2022-03-16" 
2022-03-16 14:20:58.089 INFO  SEARCHING FOR "103" IN "artworks_1186697-1186698_1-2022-03-16" 
2022-03-16 14:20:58.089 INFO  SEARCHING FOR "103" IN "barcodes_1-2022-03-16" 
2022-03-16 14:20:58.089 INFO  SEARCHING FOR "103" IN "images_1-2022-03-16" 
2022-03-16 14:20:58.089 INFO  SEARCHING FOR "104" IN "artworks_1186697_2-2022-03-16" 
2022-03-16 14:20:58.090 INFO  SEARCHING FOR "104" IN "artworks_1186698_2-2022-03-16" 
2022-03-16 14:20:58.090 INFO  SEARCHING FOR "104" IN "barcodes_2-2022-03-16" 
2022-03-16 14:20:58.090 INFO  SEARCHING FOR "104" IN "images_2-2022-03-16" 
2022-03-16 14:20:58.092 INFO  INITIALIZING COMPOSITE FOR 3 TIFF FILES. 
2022-03-16 14:20:58.098 INFO  INITIALIZING COMPOSITE FOR 3 TIFF FILES. 
2022-03-16 14:20:58.526 INFO  COMPOSITING COMPLETED. 
2022-03-16 14:20:58.526 INFO  ADDING CMYK CHANNEL TO COMPOSITE 
2022-03-16 14:20:58.637 INFO  COMPOSITING COMPLETED. 
2022-03-16 14:20:58.637 INFO  ADDING CMYK CHANNEL TO COMPOSITE 
2022-03-16 14:20:58.956 INFO  CMYK CHANNEL ADDED TO COMPOSITE @ 300 DPI /Volumes/nas/48/Zazzle/auto_print/openprint/batch_downloaded_PowerBank_104/batch_downloaded_2-2022-03-16/artworks_1186698_2-2022-03-16/2_1231_1238_4323_M104PD-BLK_3.tiff 
2022-03-16 14:20:59.091 INFO  CMYK CHANNEL ADDED TO COMPOSITE @ 300 DPI /Volumes/nas/48/Zazzle/auto_print/openprint/batch_downloaded_PowerBank_103/batch_downloaded_1-2022-03-16/artworks_1186697-1186698_1-2022-03-16/1_11111_3222_4323_M103PD-BLK_3.tiff 
2022-03-16 14:24:11.532 INFO  :::READ TIFFS AND COMPOSITE INITIALIZED::: 
2022-03-16 14:24:11.542 INFO  SEARCHING FOR "103" IN ".DS_Store" 
2022-03-16 14:24:11.543 INFO  SEARCHING FOR "103" IN "batch_downloaded_1-2022-03-16" 
2022-03-16 14:24:11.543 INFO  SEARCHING FOR "104" IN ".DS_Store" 
2022-03-16 14:24:11.543 INFO  SEARCHING FOR "104" IN "batch_downloaded_2-2022-03-16" 
2022-03-16 14:24:11.546 INFO  SEARCHING FOR "103" IN "artworks_1186697-1186698_1-2022-03-16" 
2022-03-16 14:24:11.546 INFO  SEARCHING FOR "103" IN "barcodes_1-2022-03-16" 
2022-03-16 14:24:11.546 INFO  SEARCHING FOR "103" IN "images_1-2022-03-16" 
2022-03-16 14:24:11.547 INFO  SEARCHING FOR "104" IN "artworks_1186697_2-2022-03-16" 
2022-03-16 14:24:11.547 INFO  SEARCHING FOR "104" IN "artworks_1186698_2-2022-03-16" 
2022-03-16 14:24:11.547 INFO  SEARCHING FOR "104" IN "barcodes_2-2022-03-16" 
2022-03-16 14:24:11.547 INFO  SEARCHING FOR "104" IN "images_2-2022-03-16" 
2022-03-16 14:24:11.550 INFO  INITIALIZING COMPOSITE FOR 3 TIFF FILES. 
2022-03-16 14:24:11.556 INFO  INITIALIZING COMPOSITE FOR 3 TIFF FILES. 
2022-03-16 14:24:12.437 INFO  COMPOSITING COMPLETED. 
2022-03-16 14:24:12.438 INFO  ADDING CMYK CHANNEL TO COMPOSITE 
2022-03-16 14:24:12.658 INFO  COMPOSITING COMPLETED. 
2022-03-16 14:24:12.658 INFO  ADDING CMYK CHANNEL TO COMPOSITE 
2022-03-16 14:24:13.058 INFO  CMYK CHANNEL ADDED TO COMPOSITE @ 300 DPI /Volumes/nas/48/Zazzle/auto_print/openprint/batch_downloaded_PowerBank_104/batch_downloaded_2-2022-03-16/artworks_1186698_2-2022-03-16/2_1231_1238_4323_M104PD-BLK_3.tiff 
2022-03-16 14:24:13.085 INFO  /Volumes/nas/48/Zazzle/auto_print/openprint/batch_downloaded_PowerBank_104/batch_downloaded_2-2022-03-16/images_2-2022-03-16/1231_M104PD-BLK.tiff moved to /Volumes/nas/48/Zazzle/auto_print/openprint/batch_printed_PowerBank_104/batch_printed_2-2022-03-16/images_2-2022-03-16/4323_M104PD-BLK.tiff 
2022-03-16 14:24:13.100 INFO  /Volumes/nas/48/Zazzle/auto_print/openprint/batch_downloaded_PowerBank_104/batch_downloaded_2-2022-03-16/images_2-2022-03-16/4323_M104PD-BLK.tiff moved to /Volumes/nas/48/Zazzle/auto_print/openprint/batch_printed_PowerBank_104/batch_printed_2-2022-03-16/images_2-2022-03-16/4323_M104PD-BLK.tiff 
2022-03-16 14:24:13.101 INFO  /Volumes/nas/48/Zazzle/auto_print/openprint/batch_downloaded_PowerBank_104/batch_downloaded_2-2022-03-16/images_2-2022-03-16/1238_M104PD-BLK.tiff moved to /Volumes/nas/48/Zazzle/auto_print/openprint/batch_printed_PowerBank_104/batch_printed_2-2022-03-16/images_2-2022-03-16/4323_M104PD-BLK.tiff 
2022-03-16 14:24:13.136 INFO  CMYK CHANNEL ADDED TO COMPOSITE @ 300 DPI /Volumes/nas/48/Zazzle/auto_print/openprint/batch_downloaded_PowerBank_103/batch_downloaded_1-2022-03-16/artworks_1186697-1186698_1-2022-03-16/1_11111_3222_4323_M103PD-BLK_3.tiff 
2022-03-16 14:24:13.183 INFO  /Volumes/nas/48/Zazzle/auto_print/openprint/batch_downloaded_PowerBank_103/batch_downloaded_1-2022-03-16/images_1-2022-03-16/11111_M103PD-BLK.tiff moved to /Volumes/nas/48/Zazzle/auto_print/openprint/batch_printed_PowerBank_103/batch_printed_1-2022-03-16/images_1-2022-03-16/4323_M103PD-BLK.tiff 
2022-03-16 14:24:13.184 INFO  /Volumes/nas/48/Zazzle/auto_print/openprint/batch_downloaded_PowerBank_103/batch_downloaded_1-2022-03-16/images_1-2022-03-16/3222_M103PD-BLK.tiff moved to /Volumes/nas/48/Zazzle/auto_print/openprint/batch_printed_PowerBank_103/batch_printed_1-2022-03-16/images_1-2022-03-16/4323_M103PD-BLK.tiff 
2022-03-16 14:24:13.192 INFO  /Volumes/nas/48/Zazzle/auto_print/openprint/batch_downloaded_PowerBank_103/batch_downloaded_1-2022-03-16/images_1-2022-03-16/4323_M103PD-BLK.tiff moved to /Volumes/nas/48/Zazzle/auto_print/openprint/batch_printed_PowerBank_103/batch_printed_1-2022-03-16/images_1-2022-03-16/4323_M103PD-BLK.tiff 
2022-03-16 14:24:57.631 INFO  :::READ TIFFS AND COMPOSITE INITIALIZED::: 
2022-03-16 14:24:57.640 INFO  SEARCHING FOR "104" IN ".DS_Store" 
2022-03-16 14:24:57.640 INFO  SEARCHING FOR "104" IN "batch_downloaded_2-2022-03-16" 
2022-03-16 14:24:57.641 INFO  SEARCHING FOR "103" IN ".DS_Store" 
2022-03-16 14:24:57.641 INFO  SEARCHING FOR "103" IN "batch_downloaded_1-2022-03-16" 
2022-03-16 14:24:57.644 INFO  SEARCHING FOR "104" IN "artworks_1186697_2-2022-03-16" 
2022-03-16 14:24:57.644 INFO  SEARCHING FOR "104" IN "artworks_1186698_2-2022-03-16" 
2022-03-16 14:24:57.644 INFO  SEARCHING FOR "104" IN "barcodes_2-2022-03-16" 
2022-03-16 14:24:57.644 INFO  SEARCHING FOR "104" IN "images_2-2022-03-16" 
2022-03-16 14:24:57.645 INFO  SEARCHING FOR "103" IN "artworks_1186697-1186698_1-2022-03-16" 
2022-03-16 14:24:57.645 INFO  SEARCHING FOR "103" IN "barcodes_1-2022-03-16" 
2022-03-16 14:24:57.645 INFO  SEARCHING FOR "103" IN "images_1-2022-03-16" 
2022-03-16 14:27:48.930 INFO  :::READ TIFFS AND COMPOSITE INITIALIZED::: 
2022-03-16 14:27:49.043 INFO  SEARCHING FOR "104" IN "batch_downloaded_2-2022-03-16" 
2022-03-16 14:27:49.043 INFO  SEARCHING FOR "103" IN ".DS_Store" 
2022-03-16 14:27:49.043 INFO  SEARCHING FOR "103" IN "batch_downloaded_1-2022-03-16" 
2022-03-16 14:27:49.047 INFO  SEARCHING FOR "104" IN "artworks_1186698_2-2022-03-16" 
2022-03-16 14:27:49.047 INFO  SEARCHING FOR "104" IN "barcodes_2-2022-03-16" 
2022-03-16 14:27:49.047 INFO  SEARCHING FOR "104" IN "images_2-2022-03-16" 
2022-03-16 14:27:49.048 INFO  SEARCHING FOR "103" IN "artworks_1186697-1186698_1-2022-03-16" 
2022-03-16 14:27:49.048 INFO  SEARCHING FOR "103" IN "barcodes_1-2022-03-16" 
2022-03-16 14:27:49.048 INFO  SEARCHING FOR "103" IN "images_1-2022-03-16" 
2022-03-16 14:27:49.051 INFO  INITIALIZING COMPOSITE FOR 3 TIFF FILES. 
2022-03-16 14:27:49.056 INFO  INITIALIZING COMPOSITE FOR 3 TIFF FILES. 
2022-03-16 14:27:49.431 INFO  COMPOSITING COMPLETED. 
2022-03-16 14:27:49.431 INFO  ADDING CMYK CHANNEL TO COMPOSITE 
2022-03-16 14:27:49.479 INFO  COMPOSITING COMPLETED. 
2022-03-16 14:27:49.479 INFO  ADDING CMYK CHANNEL TO COMPOSITE 
2022-03-16 14:29:25.203 INFO  :::READ TIFFS AND COMPOSITE INITIALIZED::: 
2022-03-16 14:29:25.419 INFO  SEARCHING FOR "104" IN "batch_downloaded_2-2022-03-16" 
2022-03-16 14:29:25.420 INFO  SEARCHING FOR "103" IN ".DS_Store" 
2022-03-16 14:29:25.420 INFO  SEARCHING FOR "103" IN "batch_downloaded_1-2022-03-16" 
2022-03-16 14:29:25.758 INFO  SEARCHING FOR "103" IN "artworks_1186697-1186698_1-2022-03-16" 
2022-03-16 14:29:25.758 INFO  SEARCHING FOR "103" IN "barcodes_1-2022-03-16" 
2022-03-16 14:29:25.758 INFO  SEARCHING FOR "103" IN "images_1-2022-03-16" 
2022-03-16 14:29:25.758 INFO  SEARCHING FOR "104" IN "artworks_1186698_2-2022-03-16" 
2022-03-16 14:29:25.758 INFO  SEARCHING FOR "104" IN "barcodes_2-2022-03-16" 
2022-03-16 14:29:25.758 INFO  SEARCHING FOR "104" IN "images_2-2022-03-16" 
2022-03-16 14:29:25.762 INFO  INITIALIZING COMPOSITE FOR 3 TIFF FILES. 
2022-03-16 14:29:25.768 INFO  INITIALIZING COMPOSITE FOR 3 TIFF FILES. 
2022-03-16 14:29:26.342 INFO  COMPOSITING COMPLETED. 
2022-03-16 14:29:26.342 INFO  ADDING CMYK CHANNEL TO COMPOSITE 
2022-03-16 14:29:26.400 INFO  COMPOSITING COMPLETED. 
2022-03-16 14:29:26.400 INFO  ADDING CMYK CHANNEL TO COMPOSITE 
2022-03-16 14:29:38.986 INFO  :::READ TIFFS AND COMPOSITE INITIALIZED::: 
2022-03-16 14:29:38.991 INFO  SEARCHING FOR "103" IN ".DS_Store" 
2022-03-16 14:29:38.991 INFO  SEARCHING FOR "103" IN "batch_downloaded_1-2022-03-16" 
2022-03-16 14:29:38.992 INFO  SEARCHING FOR "104" IN "batch_downloaded_2-2022-03-16" 
2022-03-16 14:29:38.996 INFO  SEARCHING FOR "103" IN "artworks_1186697-1186698_1-2022-03-16" 
2022-03-16 14:29:38.996 INFO  SEARCHING FOR "103" IN "barcodes_1-2022-03-16" 
2022-03-16 14:29:38.996 INFO  SEARCHING FOR "103" IN "images_1-2022-03-16" 
2022-03-16 14:29:38.997 INFO  SEARCHING FOR "104" IN "artworks_1186698_2-2022-03-16" 
2022-03-16 14:29:38.997 INFO  SEARCHING FOR "104" IN "barcodes_2-2022-03-16" 
2022-03-16 14:29:38.997 INFO  SEARCHING FOR "104" IN "images_2-2022-03-16" 
2022-03-16 14:29:39.000 INFO  INITIALIZING COMPOSITE FOR 3 TIFF FILES. 
2022-03-16 14:29:39.006 INFO  INITIALIZING COMPOSITE FOR 3 TIFF FILES. 
2022-03-16 14:29:39.468 INFO  COMPOSITING COMPLETED. 
2022-03-16 14:29:39.468 INFO  ADDING CMYK CHANNEL TO COMPOSITE 
2022-03-16 14:29:39.511 INFO  COMPOSITING COMPLETED. 
2022-03-16 14:29:39.511 INFO  ADDING CMYK CHANNEL TO COMPOSITE 
2022-03-16 14:29:39.898 INFO  CMYK CHANNEL ADDED TO COMPOSITE @ 300 DPI /Volumes/nas/48/Zazzle/auto_print/openprint/batch_downloaded_PowerBank_104/batch_downloaded_2-2022-03-16/artworks_1186698_2-2022-03-16/2_1231_1238_4323_M104PD-BLK_3.tiff 
2022-03-16 14:29:39.932 INFO  /Volumes/nas/48/Zazzle/auto_print/openprint/batch_downloaded_PowerBank_104/batch_downloaded_2-2022-03-16/images_2-2022-03-16/1231_M104PD-BLK.tiff moved to /Volumes/nas/48/Zazzle/auto_print/openprint/batch_printed_PowerBank_104/batch_printed_2-2022-03-16/images_2-2022-03-16/4323_M104PD-BLK.tiff 
2022-03-16 14:29:39.965 INFO  /Volumes/nas/48/Zazzle/auto_print/openprint/batch_downloaded_PowerBank_104/batch_downloaded_2-2022-03-16/images_2-2022-03-16/1238_M104PD-BLK.tiff moved to /Volumes/nas/48/Zazzle/auto_print/openprint/batch_printed_PowerBank_104/batch_printed_2-2022-03-16/images_2-2022-03-16/4323_M104PD-BLK.tiff 
2022-03-16 14:29:39.966 INFO  /Volumes/nas/48/Zazzle/auto_print/openprint/batch_downloaded_PowerBank_104/batch_downloaded_2-2022-03-16/images_2-2022-03-16/4323_M104PD-BLK.tiff moved to /Volumes/nas/48/Zazzle/auto_print/openprint/batch_printed_PowerBank_104/batch_printed_2-2022-03-16/images_2-2022-03-16/4323_M104PD-BLK.tiff 
2022-03-16 14:29:39.985 INFO  CMYK CHANNEL ADDED TO COMPOSITE @ 300 DPI /Volumes/nas/48/Zazzle/auto_print/openprint/batch_downloaded_PowerBank_103/batch_downloaded_1-2022-03-16/artworks_1186697-1186698_1-2022-03-16/1_11111_3222_4323_M103PD-BLK_3.tiff 
2022-03-16 14:29:40.031 INFO  /Volumes/nas/48/Zazzle/auto_print/openprint/batch_downloaded_PowerBank_103/batch_downloaded_1-2022-03-16/images_1-2022-03-16/11111_M103PD-BLK.tiff moved to /Volumes/nas/48/Zazzle/auto_print/openprint/batch_printed_PowerBank_103/batch_printed_1-2022-03-16/images_1-2022-03-16/4323_M103PD-BLK.tiff 
2022-03-16 14:29:40.053 INFO  /Volumes/nas/48/Zazzle/auto_print/openprint/batch_downloaded_PowerBank_103/batch_downloaded_1-2022-03-16/images_1-2022-03-16/4323_M103PD-BLK.tiff moved to /Volumes/nas/48/Zazzle/auto_print/openprint/batch_printed_PowerBank_103/batch_printed_1-2022-03-16/images_1-2022-03-16/4323_M103PD-BLK.tiff 
2022-03-16 14:29:40.054 INFO  /Volumes/nas/48/Zazzle/auto_print/openprint/batch_downloaded_PowerBank_103/batch_downloaded_1-2022-03-16/images_1-2022-03-16/3222_M103PD-BLK.tiff moved to /Volumes/nas/48/Zazzle/auto_print/openprint/batch_printed_PowerBank_103/batch_printed_1-2022-03-16/images_1-2022-03-16/4323_M103PD-BLK.tiff 
